<?xml version="1.0" encoding="UTF-8"?>
<!-- Generated by org.testng.reporters.JUnitReportReporter -->
<testsuite hostname="DESKTOP-LOB8KKR" failures="0" tests="4" name="TestCases" time="23.998" errors="0" timestamp="2023-05-14T17:54:19 ALMT" skipped="0">
  <testcase classname="TestCases" name="closeCookiesTest" time="5.230"/>
  <system-out/>
  <testcase classname="TestCases" name="hideHelpFormTest" time="6.342"/>
  <system-out/>
  <testcase classname="TestCases" name="loginAvatarAndInterestsTest" time="9.039"/>
  <system-out/>
  <testcase classname="TestCases" name="timerStartValueTest" time="3.387"/>
  <system-out/>
</testsuite> <!-- TestCases -->
